######################BEGIN######################
Converted quads in UV map of Mesh to tris.
Exporting UV texture coordinates for Mesh
Exporting Mesh
Header Information
Ident: IDP3
Version: 15
Name: rob
Flags: 0
Number of Frames: 101
Number of Tags: 1
Number of Surfaces: 1
Number of Skins: 0
Offset Frames: 108
Offset Tags: 5764
Offset Surfaces: 17076
Offset end: 326468
Total Shaders: 1
Total Triangles: 200
Total Vertices: 376
MD3 saved to C:\Users\mickeman\workspace\AnthroposOnline\res\md3export\drill.md3
Elapsed 2.99166 seconds
