######################BEGIN######################
Converted quads in UV map of h_head to tris.
Exporting UV texture coordinates for h_head
Exporting h_head
Header Information
Ident: IDP3
Version: 15
Name: drill
Flags: 0
Number of Frames: 101
Number of Tags: 1
Number of Surfaces: 1
Number of Skins: 0
Offset Frames: 108
Offset Tags: 5764
Offset Surfaces: 17076
Offset end: 20540
Total Shaders: 1
Total Triangles: 2
Total Vertices: 4
MD3 saved to C:\Users\mickeman\workspace\AnthroposOnline\res\md3export\drill_head.md3
Elapsed 1.06723 seconds
