######################BEGIN######################
Converted quads in UV map of l_legs to tris.
Exporting UV texture coordinates for l_legs
Exporting l_legs
Header Information
Ident: IDP3
Version: 15
Name: rob
Flags: 0
Number of Frames: 101
Number of Tags: 1
Number of Surfaces: 1
Number of Skins: 0
Offset Frames: 108
Offset Tags: 5764
Offset Surfaces: 17076
Offset end: 20540
Total Shaders: 1
Total Triangles: 2
Total Vertices: 4
MD3 saved to C:\Users\mickeman\workspace\AnthroposOnline\res\md3export\rob_lower.md3
Elapsed 0.33815 seconds
